[2021-09-29 11:22:20,114] INFO Reading configuration from: config/zookeeper.properties (org.apache.zookeeper.server.quorum.QuorumPeerConfig)
[2021-09-29 11:22:20,120] WARN config/zookeeper.properties is relative. Prepend ./ to indicate that you're sure! (org.apache.zookeeper.server.quorum.QuorumPeerConfig)
[2021-09-29 11:22:20,147] INFO clientPortAddress is 0.0.0.0:2181 (org.apache.zookeeper.server.quorum.QuorumPeerConfig)
[2021-09-29 11:22:20,147] INFO secureClientPort is not set (org.apache.zookeeper.server.quorum.QuorumPeerConfig)
[2021-09-29 11:22:20,148] INFO observerMasterPort is not set (org.apache.zookeeper.server.quorum.QuorumPeerConfig)
[2021-09-29 11:22:20,148] INFO metricsProvider.className is org.apache.zookeeper.metrics.impl.DefaultMetricsProvider (org.apache.zookeeper.server.quorum.QuorumPeerConfig)
[2021-09-29 11:22:20,156] INFO autopurge.snapRetainCount set to 3 (org.apache.zookeeper.server.DatadirCleanupManager)
[2021-09-29 11:22:20,157] INFO autopurge.purgeInterval set to 0 (org.apache.zookeeper.server.DatadirCleanupManager)
[2021-09-29 11:22:20,157] INFO Purge task is not scheduled. (org.apache.zookeeper.server.DatadirCleanupManager)
[2021-09-29 11:22:20,157] WARN Either no config or no quorum defined in config, running in standalone mode (org.apache.zookeeper.server.quorum.QuorumPeerMain)
[2021-09-29 11:22:20,171] INFO Log4j 1.2 jmx support found and enabled. (org.apache.zookeeper.jmx.ManagedUtil)
[2021-09-29 11:22:20,197] INFO Reading configuration from: config/zookeeper.properties (org.apache.zookeeper.server.quorum.QuorumPeerConfig)
[2021-09-29 11:22:20,198] WARN config/zookeeper.properties is relative. Prepend ./ to indicate that you're sure! (org.apache.zookeeper.server.quorum.QuorumPeerConfig)
[2021-09-29 11:22:20,199] INFO clientPortAddress is 0.0.0.0:2181 (org.apache.zookeeper.server.quorum.QuorumPeerConfig)
[2021-09-29 11:22:20,199] INFO secureClientPort is not set (org.apache.zookeeper.server.quorum.QuorumPeerConfig)
[2021-09-29 11:22:20,199] INFO observerMasterPort is not set (org.apache.zookeeper.server.quorum.QuorumPeerConfig)
[2021-09-29 11:22:20,199] INFO metricsProvider.className is org.apache.zookeeper.metrics.impl.DefaultMetricsProvider (org.apache.zookeeper.server.quorum.QuorumPeerConfig)
[2021-09-29 11:22:20,199] INFO Starting server (org.apache.zookeeper.server.ZooKeeperServerMain)
[2021-09-29 11:22:20,233] INFO ServerMetrics initialized with provider org.apache.zookeeper.metrics.impl.DefaultMetricsProvider@2e222612 (org.apache.zookeeper.server.ServerMetrics)
[2021-09-29 11:22:20,245] INFO zookeeper.snapshot.trust.empty : false (org.apache.zookeeper.server.persistence.FileTxnSnapLog)
[2021-09-29 11:22:20,283] INFO  (org.apache.zookeeper.server.ZooKeeperServer)
[2021-09-29 11:22:20,283] INFO   ______                  _                                           (org.apache.zookeeper.server.ZooKeeperServer)
[2021-09-29 11:22:20,283] INFO  |___  /                 | |                                          (org.apache.zookeeper.server.ZooKeeperServer)
[2021-09-29 11:22:20,283] INFO     / /    ___     ___   | | __   ___    ___   _ __     ___   _ __    (org.apache.zookeeper.server.ZooKeeperServer)
[2021-09-29 11:22:20,284] INFO    / /    / _ \   / _ \  | |/ /  / _ \  / _ \ | '_ \   / _ \ | '__| (org.apache.zookeeper.server.ZooKeeperServer)
[2021-09-29 11:22:20,284] INFO   / /__  | (_) | | (_) | |   <  |  __/ |  __/ | |_) | |  __/ | |     (org.apache.zookeeper.server.ZooKeeperServer)
[2021-09-29 11:22:20,284] INFO  /_____|  \___/   \___/  |_|\_\  \___|  \___| | .__/   \___| |_| (org.apache.zookeeper.server.ZooKeeperServer)
[2021-09-29 11:22:20,284] INFO                                               | |                      (org.apache.zookeeper.server.ZooKeeperServer)
[2021-09-29 11:22:20,284] INFO                                               |_|                      (org.apache.zookeeper.server.ZooKeeperServer)
[2021-09-29 11:22:20,284] INFO  (org.apache.zookeeper.server.ZooKeeperServer)
[2021-09-29 11:22:20,298] INFO Server environment:zookeeper.version=3.6.3--6401e4ad2087061bc6b9f80dec2d69f2e3c8660a, built on 04/08/2021 16:35 GMT (org.apache.zookeeper.server.ZooKeeperServer)
[2021-09-29 11:22:20,298] INFO Server environment:host.name=manishs-air (org.apache.zookeeper.server.ZooKeeperServer)
[2021-09-29 11:22:20,299] INFO Server environment:java.version=11.0.2 (org.apache.zookeeper.server.ZooKeeperServer)
[2021-09-29 11:22:20,299] INFO Server environment:java.vendor=Oracle Corporation (org.apache.zookeeper.server.ZooKeeperServer)
[2021-09-29 11:22:20,299] INFO Server environment:java.home=/Library/Java/JavaVirtualMachines/openjdk-11.0.2.jdk/Contents/Home (org.apache.zookeeper.server.ZooKeeperServer)
[2021-09-29 11:22:20,299] INFO Server environment:java.class.path=/Users/manish/repos/ms/kafka/kafka-server/bin/../libs/activation-1.1.1.jar:/Users/manish/repos/ms/kafka/kafka-server/bin/../libs/aopalliance-repackaged-2.6.1.jar:/Users/manish/repos/ms/kafka/kafka-server/bin/../libs/argparse4j-0.7.0.jar:/Users/manish/repos/ms/kafka/kafka-server/bin/../libs/audience-annotations-0.5.0.jar:/Users/manish/repos/ms/kafka/kafka-server/bin/../libs/commons-cli-1.4.jar:/Users/manish/repos/ms/kafka/kafka-server/bin/../libs/commons-lang3-3.8.1.jar:/Users/manish/repos/ms/kafka/kafka-server/bin/../libs/connect-api-3.0.0.jar:/Users/manish/repos/ms/kafka/kafka-server/bin/../libs/connect-basic-auth-extension-3.0.0.jar:/Users/manish/repos/ms/kafka/kafka-server/bin/../libs/connect-file-3.0.0.jar:/Users/manish/repos/ms/kafka/kafka-server/bin/../libs/connect-json-3.0.0.jar:/Users/manish/repos/ms/kafka/kafka-server/bin/../libs/connect-mirror-3.0.0.jar:/Users/manish/repos/ms/kafka/kafka-server/bin/../libs/connect-mirror-client-3.0.0.jar:/Users/manish/repos/ms/kafka/kafka-server/bin/../libs/connect-runtime-3.0.0.jar:/Users/manish/repos/ms/kafka/kafka-server/bin/../libs/connect-transforms-3.0.0.jar:/Users/manish/repos/ms/kafka/kafka-server/bin/../libs/hk2-api-2.6.1.jar:/Users/manish/repos/ms/kafka/kafka-server/bin/../libs/hk2-locator-2.6.1.jar:/Users/manish/repos/ms/kafka/kafka-server/bin/../libs/hk2-utils-2.6.1.jar:/Users/manish/repos/ms/kafka/kafka-server/bin/../libs/jackson-annotations-2.12.3.jar:/Users/manish/repos/ms/kafka/kafka-server/bin/../libs/jackson-core-2.12.3.jar:/Users/manish/repos/ms/kafka/kafka-server/bin/../libs/jackson-databind-2.12.3.jar:/Users/manish/repos/ms/kafka/kafka-server/bin/../libs/jackson-dataformat-csv-2.12.3.jar:/Users/manish/repos/ms/kafka/kafka-server/bin/../libs/jackson-datatype-jdk8-2.12.3.jar:/Users/manish/repos/ms/kafka/kafka-server/bin/../libs/jackson-jaxrs-base-2.12.3.jar:/Users/manish/repos/ms/kafka/kafka-server/bin/../libs/jackson-jaxrs-json-provider-2.12.3.jar:/Users/manish/repos/ms/kafka/kafka-server/bin/../libs/jackson-module-jaxb-annotations-2.12.3.jar:/Users/manish/repos/ms/kafka/kafka-server/bin/../libs/jackson-module-scala_2.13-2.12.3.jar:/Users/manish/repos/ms/kafka/kafka-server/bin/../libs/jakarta.activation-api-1.2.1.jar:/Users/manish/repos/ms/kafka/kafka-server/bin/../libs/jakarta.annotation-api-1.3.5.jar:/Users/manish/repos/ms/kafka/kafka-server/bin/../libs/jakarta.inject-2.6.1.jar:/Users/manish/repos/ms/kafka/kafka-server/bin/../libs/jakarta.validation-api-2.0.2.jar:/Users/manish/repos/ms/kafka/kafka-server/bin/../libs/jakarta.ws.rs-api-2.1.6.jar:/Users/manish/repos/ms/kafka/kafka-server/bin/../libs/jakarta.xml.bind-api-2.3.2.jar:/Users/manish/repos/ms/kafka/kafka-server/bin/../libs/javassist-3.27.0-GA.jar:/Users/manish/repos/ms/kafka/kafka-server/bin/../libs/javax.servlet-api-3.1.0.jar:/Users/manish/repos/ms/kafka/kafka-server/bin/../libs/javax.ws.rs-api-2.1.1.jar:/Users/manish/repos/ms/kafka/kafka-server/bin/../libs/jaxb-api-2.3.0.jar:/Users/manish/repos/ms/kafka/kafka-server/bin/../libs/jersey-client-2.34.jar:/Users/manish/repos/ms/kafka/kafka-server/bin/../libs/jersey-common-2.34.jar:/Users/manish/repos/ms/kafka/kafka-server/bin/../libs/jersey-container-servlet-2.34.jar:/Users/manish/repos/ms/kafka/kafka-server/bin/../libs/jersey-container-servlet-core-2.34.jar:/Users/manish/repos/ms/kafka/kafka-server/bin/../libs/jersey-hk2-2.34.jar:/Users/manish/repos/ms/kafka/kafka-server/bin/../libs/jersey-server-2.34.jar:/Users/manish/repos/ms/kafka/kafka-server/bin/../libs/jetty-client-9.4.43.v20210629.jar:/Users/manish/repos/ms/kafka/kafka-server/bin/../libs/jetty-continuation-9.4.43.v20210629.jar:/Users/manish/repos/ms/kafka/kafka-server/bin/../libs/jetty-http-9.4.43.v20210629.jar:/Users/manish/repos/ms/kafka/kafka-server/bin/../libs/jetty-io-9.4.43.v20210629.jar:/Users/manish/repos/ms/kafka/kafka-server/bin/../libs/jetty-security-9.4.43.v20210629.jar:/Users/manish/repos/ms/kafka/kafka-server/bin/../libs/jetty-server-9.4.43.v20210629.jar:/Users/manish/repos/ms/kafka/kafka-server/bin/../libs/jetty-servlet-9.4.43.v20210629.jar:/Users/manish/repos/ms/kafka/kafka-server/bin/../libs/jetty-servlets-9.4.43.v20210629.jar:/Users/manish/repos/ms/kafka/kafka-server/bin/../libs/jetty-util-9.4.43.v20210629.jar:/Users/manish/repos/ms/kafka/kafka-server/bin/../libs/jetty-util-ajax-9.4.43.v20210629.jar:/Users/manish/repos/ms/kafka/kafka-server/bin/../libs/jline-3.12.1.jar:/Users/manish/repos/ms/kafka/kafka-server/bin/../libs/jopt-simple-5.0.4.jar:/Users/manish/repos/ms/kafka/kafka-server/bin/../libs/kafka-clients-3.0.0.jar:/Users/manish/repos/ms/kafka/kafka-server/bin/../libs/kafka-log4j-appender-3.0.0.jar:/Users/manish/repos/ms/kafka/kafka-server/bin/../libs/kafka-metadata-3.0.0.jar:/Users/manish/repos/ms/kafka/kafka-server/bin/../libs/kafka-raft-3.0.0.jar:/Users/manish/repos/ms/kafka/kafka-server/bin/../libs/kafka-server-common-3.0.0.jar:/Users/manish/repos/ms/kafka/kafka-server/bin/../libs/kafka-shell-3.0.0.jar:/Users/manish/repos/ms/kafka/kafka-server/bin/../libs/kafka-storage-3.0.0.jar:/Users/manish/repos/ms/kafka/kafka-server/bin/../libs/kafka-storage-api-3.0.0.jar:/Users/manish/repos/ms/kafka/kafka-server/bin/../libs/kafka-streams-3.0.0.jar:/Users/manish/repos/ms/kafka/kafka-server/bin/../libs/kafka-streams-examples-3.0.0.jar:/Users/manish/repos/ms/kafka/kafka-server/bin/../libs/kafka-streams-scala_2.13-3.0.0.jar:/Users/manish/repos/ms/kafka/kafka-server/bin/../libs/kafka-streams-test-utils-3.0.0.jar:/Users/manish/repos/ms/kafka/kafka-server/bin/../libs/kafka-tools-3.0.0.jar:/Users/manish/repos/ms/kafka/kafka-server/bin/../libs/kafka_2.13-3.0.0.jar:/Users/manish/repos/ms/kafka/kafka-server/bin/../libs/log4j-1.2.17.jar:/Users/manish/repos/ms/kafka/kafka-server/bin/../libs/lz4-java-1.7.1.jar:/Users/manish/repos/ms/kafka/kafka-server/bin/../libs/maven-artifact-3.8.1.jar:/Users/manish/repos/ms/kafka/kafka-server/bin/../libs/metrics-core-2.2.0.jar:/Users/manish/repos/ms/kafka/kafka-server/bin/../libs/metrics-core-4.1.12.1.jar:/Users/manish/repos/ms/kafka/kafka-server/bin/../libs/netty-buffer-4.1.62.Final.jar:/Users/manish/repos/ms/kafka/kafka-server/bin/../libs/netty-codec-4.1.62.Final.jar:/Users/manish/repos/ms/kafka/kafka-server/bin/../libs/netty-common-4.1.62.Final.jar:/Users/manish/repos/ms/kafka/kafka-server/bin/../libs/netty-handler-4.1.62.Final.jar:/Users/manish/repos/ms/kafka/kafka-server/bin/../libs/netty-resolver-4.1.62.Final.jar:/Users/manish/repos/ms/kafka/kafka-server/bin/../libs/netty-transport-4.1.62.Final.jar:/Users/manish/repos/ms/kafka/kafka-server/bin/../libs/netty-transport-native-epoll-4.1.62.Final.jar:/Users/manish/repos/ms/kafka/kafka-server/bin/../libs/netty-transport-native-unix-common-4.1.62.Final.jar:/Users/manish/repos/ms/kafka/kafka-server/bin/../libs/osgi-resource-locator-1.0.3.jar:/Users/manish/repos/ms/kafka/kafka-server/bin/../libs/paranamer-2.8.jar:/Users/manish/repos/ms/kafka/kafka-server/bin/../libs/plexus-utils-3.2.1.jar:/Users/manish/repos/ms/kafka/kafka-server/bin/../libs/reflections-0.9.12.jar:/Users/manish/repos/ms/kafka/kafka-server/bin/../libs/rocksdbjni-6.19.3.jar:/Users/manish/repos/ms/kafka/kafka-server/bin/../libs/scala-collection-compat_2.13-2.4.4.jar:/Users/manish/repos/ms/kafka/kafka-server/bin/../libs/scala-java8-compat_2.13-1.0.0.jar:/Users/manish/repos/ms/kafka/kafka-server/bin/../libs/scala-library-2.13.6.jar:/Users/manish/repos/ms/kafka/kafka-server/bin/../libs/scala-logging_2.13-3.9.3.jar:/Users/manish/repos/ms/kafka/kafka-server/bin/../libs/scala-reflect-2.13.6.jar:/Users/manish/repos/ms/kafka/kafka-server/bin/../libs/slf4j-api-1.7.30.jar:/Users/manish/repos/ms/kafka/kafka-server/bin/../libs/slf4j-log4j12-1.7.30.jar:/Users/manish/repos/ms/kafka/kafka-server/bin/../libs/snappy-java-1.1.8.1.jar:/Users/manish/repos/ms/kafka/kafka-server/bin/../libs/trogdor-3.0.0.jar:/Users/manish/repos/ms/kafka/kafka-server/bin/../libs/zookeeper-3.6.3.jar:/Users/manish/repos/ms/kafka/kafka-server/bin/../libs/zookeeper-jute-3.6.3.jar:/Users/manish/repos/ms/kafka/kafka-server/bin/../libs/zstd-jni-1.5.0-2.jar (org.apache.zookeeper.server.ZooKeeperServer)
[2021-09-29 11:22:20,301] INFO Server environment:java.library.path=/Users/manish/Library/Java/Extensions:/Library/Java/Extensions:/Network/Library/Java/Extensions:/System/Library/Java/Extensions:/usr/lib/java:. (org.apache.zookeeper.server.ZooKeeperServer)
[2021-09-29 11:22:20,301] INFO Server environment:java.io.tmpdir=/var/folders/hy/c249c7bd0nl14h_0gl3wg_sr0000gn/T/ (org.apache.zookeeper.server.ZooKeeperServer)
[2021-09-29 11:22:20,301] INFO Server environment:java.compiler=<NA> (org.apache.zookeeper.server.ZooKeeperServer)
[2021-09-29 11:22:20,301] INFO Server environment:os.name=Mac OS X (org.apache.zookeeper.server.ZooKeeperServer)
[2021-09-29 11:22:20,301] INFO Server environment:os.arch=x86_64 (org.apache.zookeeper.server.ZooKeeperServer)
[2021-09-29 11:22:20,301] INFO Server environment:os.version=10.16 (org.apache.zookeeper.server.ZooKeeperServer)
[2021-09-29 11:22:20,302] INFO Server environment:user.name=manish (org.apache.zookeeper.server.ZooKeeperServer)
[2021-09-29 11:22:20,302] INFO Server environment:user.home=/Users/manish (org.apache.zookeeper.server.ZooKeeperServer)
[2021-09-29 11:22:20,302] INFO Server environment:user.dir=/Users/manish/repos/ms/kafka/kafka-server (org.apache.zookeeper.server.ZooKeeperServer)
[2021-09-29 11:22:20,302] INFO Server environment:os.memory.free=490MB (org.apache.zookeeper.server.ZooKeeperServer)
[2021-09-29 11:22:20,302] INFO Server environment:os.memory.max=512MB (org.apache.zookeeper.server.ZooKeeperServer)
[2021-09-29 11:22:20,302] INFO Server environment:os.memory.total=512MB (org.apache.zookeeper.server.ZooKeeperServer)
[2021-09-29 11:22:20,303] INFO zookeeper.enableEagerACLCheck = false (org.apache.zookeeper.server.ZooKeeperServer)
[2021-09-29 11:22:20,303] INFO zookeeper.digest.enabled = true (org.apache.zookeeper.server.ZooKeeperServer)
[2021-09-29 11:22:20,304] INFO zookeeper.closeSessionTxn.enabled = true (org.apache.zookeeper.server.ZooKeeperServer)
[2021-09-29 11:22:20,304] INFO zookeeper.flushDelay=0 (org.apache.zookeeper.server.ZooKeeperServer)
[2021-09-29 11:22:20,304] INFO zookeeper.maxWriteQueuePollTime=0 (org.apache.zookeeper.server.ZooKeeperServer)
[2021-09-29 11:22:20,304] INFO zookeeper.maxBatchSize=1000 (org.apache.zookeeper.server.ZooKeeperServer)
[2021-09-29 11:22:20,305] INFO zookeeper.intBufferStartingSizeBytes = 1024 (org.apache.zookeeper.server.ZooKeeperServer)
[2021-09-29 11:22:20,308] INFO Weighed connection throttling is disabled (org.apache.zookeeper.server.BlueThrottle)
[2021-09-29 11:22:20,312] INFO minSessionTimeout set to 6000 (org.apache.zookeeper.server.ZooKeeperServer)
[2021-09-29 11:22:20,312] INFO maxSessionTimeout set to 60000 (org.apache.zookeeper.server.ZooKeeperServer)
[2021-09-29 11:22:20,317] INFO Response cache size is initialized with value 400. (org.apache.zookeeper.server.ResponseCache)
[2021-09-29 11:22:20,317] INFO Response cache size is initialized with value 400. (org.apache.zookeeper.server.ResponseCache)
[2021-09-29 11:22:20,321] INFO zookeeper.pathStats.slotCapacity = 60 (org.apache.zookeeper.server.util.RequestPathMetricsCollector)
[2021-09-29 11:22:20,321] INFO zookeeper.pathStats.slotDuration = 15 (org.apache.zookeeper.server.util.RequestPathMetricsCollector)
[2021-09-29 11:22:20,321] INFO zookeeper.pathStats.maxDepth = 6 (org.apache.zookeeper.server.util.RequestPathMetricsCollector)
[2021-09-29 11:22:20,323] INFO zookeeper.pathStats.initialDelay = 5 (org.apache.zookeeper.server.util.RequestPathMetricsCollector)
[2021-09-29 11:22:20,323] INFO zookeeper.pathStats.delay = 5 (org.apache.zookeeper.server.util.RequestPathMetricsCollector)
[2021-09-29 11:22:20,323] INFO zookeeper.pathStats.enabled = false (org.apache.zookeeper.server.util.RequestPathMetricsCollector)
[2021-09-29 11:22:20,333] INFO The max bytes for all large requests are set to 104857600 (org.apache.zookeeper.server.ZooKeeperServer)
[2021-09-29 11:22:20,333] INFO The large request threshold is set to -1 (org.apache.zookeeper.server.ZooKeeperServer)
[2021-09-29 11:22:20,333] INFO Created server with tickTime 3000 minSessionTimeout 6000 maxSessionTimeout 60000 clientPortListenBacklog -1 datadir /tmp/zookeeper/version-2 snapdir /tmp/zookeeper/version-2 (org.apache.zookeeper.server.ZooKeeperServer)
[2021-09-29 11:22:20,377] INFO Using org.apache.zookeeper.server.NIOServerCnxnFactory as server connection factory (org.apache.zookeeper.server.ServerCnxnFactory)
[2021-09-29 11:22:20,380] WARN maxCnxns is not configured, using default value 0. (org.apache.zookeeper.server.ServerCnxnFactory)
[2021-09-29 11:22:20,386] INFO Configuring NIO connection handler with 10s sessionless connection timeout, 1 selector thread(s), 8 worker threads, and 64 kB direct buffers. (org.apache.zookeeper.server.NIOServerCnxnFactory)
[2021-09-29 11:22:20,411] INFO binding to port 0.0.0.0/0.0.0.0:2181 (org.apache.zookeeper.server.NIOServerCnxnFactory)
[2021-09-29 11:22:20,413] ERROR Unexpected exception, exiting abnormally (org.apache.zookeeper.server.ZooKeeperServerMain)
java.net.BindException: Address already in use
	at java.base/sun.nio.ch.Net.bind0(Native Method)
	at java.base/sun.nio.ch.Net.bind(Net.java:461)
	at java.base/sun.nio.ch.Net.bind(Net.java:453)
	at java.base/sun.nio.ch.ServerSocketChannelImpl.bind(ServerSocketChannelImpl.java:227)
	at java.base/sun.nio.ch.ServerSocketAdaptor.bind(ServerSocketAdaptor.java:80)
	at java.base/sun.nio.ch.ServerSocketAdaptor.bind(ServerSocketAdaptor.java:73)
	at org.apache.zookeeper.server.NIOServerCnxnFactory.configure(NIOServerCnxnFactory.java:676)
	at org.apache.zookeeper.server.ZooKeeperServerMain.runFromConfig(ZooKeeperServerMain.java:158)
	at org.apache.zookeeper.server.ZooKeeperServerMain.initializeAndRun(ZooKeeperServerMain.java:112)
	at org.apache.zookeeper.server.ZooKeeperServerMain.main(ZooKeeperServerMain.java:67)
	at org.apache.zookeeper.server.quorum.QuorumPeerMain.initializeAndRun(QuorumPeerMain.java:140)
	at org.apache.zookeeper.server.quorum.QuorumPeerMain.main(QuorumPeerMain.java:90)
[2021-09-29 11:22:20,425] INFO ZooKeeper audit is disabled. (org.apache.zookeeper.audit.ZKAuditProvider)
[2021-09-29 11:22:20,427] ERROR Exiting JVM with code 1 (org.apache.zookeeper.util.ServiceUtils)
[2021-09-29 11:22:28,977] INFO Registered kafka:type=kafka.Log4jController MBean (kafka.utils.Log4jControllerRegistration$)
[2021-09-29 11:22:29,938] INFO Setting -D jdk.tls.rejectClientInitiatedRenegotiation=true to disable client-initiated TLS renegotiation (org.apache.zookeeper.common.X509Util)
[2021-09-29 11:22:30,200] INFO Registered signal handlers for TERM, INT, HUP (org.apache.kafka.common.utils.LoggingSignalHandler)
[2021-09-29 11:22:30,209] INFO starting (kafka.server.KafkaServer)
[2021-09-29 11:22:30,209] INFO Connecting to zookeeper on localhost:2181 (kafka.server.KafkaServer)
[2021-09-29 11:22:30,265] INFO [ZooKeeperClient Kafka server] Initializing a new session to localhost:2181. (kafka.zookeeper.ZooKeeperClient)
[2021-09-29 11:22:30,281] INFO Client environment:zookeeper.version=3.6.3--6401e4ad2087061bc6b9f80dec2d69f2e3c8660a, built on 04/08/2021 16:35 GMT (org.apache.zookeeper.ZooKeeper)
[2021-09-29 11:22:30,281] INFO Client environment:host.name=manishs-air (org.apache.zookeeper.ZooKeeper)
[2021-09-29 11:22:30,281] INFO Client environment:java.version=11.0.2 (org.apache.zookeeper.ZooKeeper)
[2021-09-29 11:22:30,281] INFO Client environment:java.vendor=Oracle Corporation (org.apache.zookeeper.ZooKeeper)
[2021-09-29 11:22:30,281] INFO Client environment:java.home=/Library/Java/JavaVirtualMachines/openjdk-11.0.2.jdk/Contents/Home (org.apache.zookeeper.ZooKeeper)
[2021-09-29 11:22:30,281] INFO Client environment:java.class.path=/Users/manish/repos/ms/kafka/kafka-server/bin/../libs/activation-1.1.1.jar:/Users/manish/repos/ms/kafka/kafka-server/bin/../libs/aopalliance-repackaged-2.6.1.jar:/Users/manish/repos/ms/kafka/kafka-server/bin/../libs/argparse4j-0.7.0.jar:/Users/manish/repos/ms/kafka/kafka-server/bin/../libs/audience-annotations-0.5.0.jar:/Users/manish/repos/ms/kafka/kafka-server/bin/../libs/commons-cli-1.4.jar:/Users/manish/repos/ms/kafka/kafka-server/bin/../libs/commons-lang3-3.8.1.jar:/Users/manish/repos/ms/kafka/kafka-server/bin/../libs/connect-api-3.0.0.jar:/Users/manish/repos/ms/kafka/kafka-server/bin/../libs/connect-basic-auth-extension-3.0.0.jar:/Users/manish/repos/ms/kafka/kafka-server/bin/../libs/connect-file-3.0.0.jar:/Users/manish/repos/ms/kafka/kafka-server/bin/../libs/connect-json-3.0.0.jar:/Users/manish/repos/ms/kafka/kafka-server/bin/../libs/connect-mirror-3.0.0.jar:/Users/manish/repos/ms/kafka/kafka-server/bin/../libs/connect-mirror-client-3.0.0.jar:/Users/manish/repos/ms/kafka/kafka-server/bin/../libs/connect-runtime-3.0.0.jar:/Users/manish/repos/ms/kafka/kafka-server/bin/../libs/connect-transforms-3.0.0.jar:/Users/manish/repos/ms/kafka/kafka-server/bin/../libs/hk2-api-2.6.1.jar:/Users/manish/repos/ms/kafka/kafka-server/bin/../libs/hk2-locator-2.6.1.jar:/Users/manish/repos/ms/kafka/kafka-server/bin/../libs/hk2-utils-2.6.1.jar:/Users/manish/repos/ms/kafka/kafka-server/bin/../libs/jackson-annotations-2.12.3.jar:/Users/manish/repos/ms/kafka/kafka-server/bin/../libs/jackson-core-2.12.3.jar:/Users/manish/repos/ms/kafka/kafka-server/bin/../libs/jackson-databind-2.12.3.jar:/Users/manish/repos/ms/kafka/kafka-server/bin/../libs/jackson-dataformat-csv-2.12.3.jar:/Users/manish/repos/ms/kafka/kafka-server/bin/../libs/jackson-datatype-jdk8-2.12.3.jar:/Users/manish/repos/ms/kafka/kafka-server/bin/../libs/jackson-jaxrs-base-2.12.3.jar:/Users/manish/repos/ms/kafka/kafka-server/bin/../libs/jackson-jaxrs-json-provider-2.12.3.jar:/Users/manish/repos/ms/kafka/kafka-server/bin/../libs/jackson-module-jaxb-annotations-2.12.3.jar:/Users/manish/repos/ms/kafka/kafka-server/bin/../libs/jackson-module-scala_2.13-2.12.3.jar:/Users/manish/repos/ms/kafka/kafka-server/bin/../libs/jakarta.activation-api-1.2.1.jar:/Users/manish/repos/ms/kafka/kafka-server/bin/../libs/jakarta.annotation-api-1.3.5.jar:/Users/manish/repos/ms/kafka/kafka-server/bin/../libs/jakarta.inject-2.6.1.jar:/Users/manish/repos/ms/kafka/kafka-server/bin/../libs/jakarta.validation-api-2.0.2.jar:/Users/manish/repos/ms/kafka/kafka-server/bin/../libs/jakarta.ws.rs-api-2.1.6.jar:/Users/manish/repos/ms/kafka/kafka-server/bin/../libs/jakarta.xml.bind-api-2.3.2.jar:/Users/manish/repos/ms/kafka/kafka-server/bin/../libs/javassist-3.27.0-GA.jar:/Users/manish/repos/ms/kafka/kafka-server/bin/../libs/javax.servlet-api-3.1.0.jar:/Users/manish/repos/ms/kafka/kafka-server/bin/../libs/javax.ws.rs-api-2.1.1.jar:/Users/manish/repos/ms/kafka/kafka-server/bin/../libs/jaxb-api-2.3.0.jar:/Users/manish/repos/ms/kafka/kafka-server/bin/../libs/jersey-client-2.34.jar:/Users/manish/repos/ms/kafka/kafka-server/bin/../libs/jersey-common-2.34.jar:/Users/manish/repos/ms/kafka/kafka-server/bin/../libs/jersey-container-servlet-2.34.jar:/Users/manish/repos/ms/kafka/kafka-server/bin/../libs/jersey-container-servlet-core-2.34.jar:/Users/manish/repos/ms/kafka/kafka-server/bin/../libs/jersey-hk2-2.34.jar:/Users/manish/repos/ms/kafka/kafka-server/bin/../libs/jersey-server-2.34.jar:/Users/manish/repos/ms/kafka/kafka-server/bin/../libs/jetty-client-9.4.43.v20210629.jar:/Users/manish/repos/ms/kafka/kafka-server/bin/../libs/jetty-continuation-9.4.43.v20210629.jar:/Users/manish/repos/ms/kafka/kafka-server/bin/../libs/jetty-http-9.4.43.v20210629.jar:/Users/manish/repos/ms/kafka/kafka-server/bin/../libs/jetty-io-9.4.43.v20210629.jar:/Users/manish/repos/ms/kafka/kafka-server/bin/../libs/jetty-security-9.4.43.v20210629.jar:/Users/manish/repos/ms/kafka/kafka-server/bin/../libs/jetty-server-9.4.43.v20210629.jar:/Users/manish/repos/ms/kafka/kafka-server/bin/../libs/jetty-servlet-9.4.43.v20210629.jar:/Users/manish/repos/ms/kafka/kafka-server/bin/../libs/jetty-servlets-9.4.43.v20210629.jar:/Users/manish/repos/ms/kafka/kafka-server/bin/../libs/jetty-util-9.4.43.v20210629.jar:/Users/manish/repos/ms/kafka/kafka-server/bin/../libs/jetty-util-ajax-9.4.43.v20210629.jar:/Users/manish/repos/ms/kafka/kafka-server/bin/../libs/jline-3.12.1.jar:/Users/manish/repos/ms/kafka/kafka-server/bin/../libs/jopt-simple-5.0.4.jar:/Users/manish/repos/ms/kafka/kafka-server/bin/../libs/kafka-clients-3.0.0.jar:/Users/manish/repos/ms/kafka/kafka-server/bin/../libs/kafka-log4j-appender-3.0.0.jar:/Users/manish/repos/ms/kafka/kafka-server/bin/../libs/kafka-metadata-3.0.0.jar:/Users/manish/repos/ms/kafka/kafka-server/bin/../libs/kafka-raft-3.0.0.jar:/Users/manish/repos/ms/kafka/kafka-server/bin/../libs/kafka-server-common-3.0.0.jar:/Users/manish/repos/ms/kafka/kafka-server/bin/../libs/kafka-shell-3.0.0.jar:/Users/manish/repos/ms/kafka/kafka-server/bin/../libs/kafka-storage-3.0.0.jar:/Users/manish/repos/ms/kafka/kafka-server/bin/../libs/kafka-storage-api-3.0.0.jar:/Users/manish/repos/ms/kafka/kafka-server/bin/../libs/kafka-streams-3.0.0.jar:/Users/manish/repos/ms/kafka/kafka-server/bin/../libs/kafka-streams-examples-3.0.0.jar:/Users/manish/repos/ms/kafka/kafka-server/bin/../libs/kafka-streams-scala_2.13-3.0.0.jar:/Users/manish/repos/ms/kafka/kafka-server/bin/../libs/kafka-streams-test-utils-3.0.0.jar:/Users/manish/repos/ms/kafka/kafka-server/bin/../libs/kafka-tools-3.0.0.jar:/Users/manish/repos/ms/kafka/kafka-server/bin/../libs/kafka_2.13-3.0.0.jar:/Users/manish/repos/ms/kafka/kafka-server/bin/../libs/log4j-1.2.17.jar:/Users/manish/repos/ms/kafka/kafka-server/bin/../libs/lz4-java-1.7.1.jar:/Users/manish/repos/ms/kafka/kafka-server/bin/../libs/maven-artifact-3.8.1.jar:/Users/manish/repos/ms/kafka/kafka-server/bin/../libs/metrics-core-2.2.0.jar:/Users/manish/repos/ms/kafka/kafka-server/bin/../libs/metrics-core-4.1.12.1.jar:/Users/manish/repos/ms/kafka/kafka-server/bin/../libs/netty-buffer-4.1.62.Final.jar:/Users/manish/repos/ms/kafka/kafka-server/bin/../libs/netty-codec-4.1.62.Final.jar:/Users/manish/repos/ms/kafka/kafka-server/bin/../libs/netty-common-4.1.62.Final.jar:/Users/manish/repos/ms/kafka/kafka-server/bin/../libs/netty-handler-4.1.62.Final.jar:/Users/manish/repos/ms/kafka/kafka-server/bin/../libs/netty-resolver-4.1.62.Final.jar:/Users/manish/repos/ms/kafka/kafka-server/bin/../libs/netty-transport-4.1.62.Final.jar:/Users/manish/repos/ms/kafka/kafka-server/bin/../libs/netty-transport-native-epoll-4.1.62.Final.jar:/Users/manish/repos/ms/kafka/kafka-server/bin/../libs/netty-transport-native-unix-common-4.1.62.Final.jar:/Users/manish/repos/ms/kafka/kafka-server/bin/../libs/osgi-resource-locator-1.0.3.jar:/Users/manish/repos/ms/kafka/kafka-server/bin/../libs/paranamer-2.8.jar:/Users/manish/repos/ms/kafka/kafka-server/bin/../libs/plexus-utils-3.2.1.jar:/Users/manish/repos/ms/kafka/kafka-server/bin/../libs/reflections-0.9.12.jar:/Users/manish/repos/ms/kafka/kafka-server/bin/../libs/rocksdbjni-6.19.3.jar:/Users/manish/repos/ms/kafka/kafka-server/bin/../libs/scala-collection-compat_2.13-2.4.4.jar:/Users/manish/repos/ms/kafka/kafka-server/bin/../libs/scala-java8-compat_2.13-1.0.0.jar:/Users/manish/repos/ms/kafka/kafka-server/bin/../libs/scala-library-2.13.6.jar:/Users/manish/repos/ms/kafka/kafka-server/bin/../libs/scala-logging_2.13-3.9.3.jar:/Users/manish/repos/ms/kafka/kafka-server/bin/../libs/scala-reflect-2.13.6.jar:/Users/manish/repos/ms/kafka/kafka-server/bin/../libs/slf4j-api-1.7.30.jar:/Users/manish/repos/ms/kafka/kafka-server/bin/../libs/slf4j-log4j12-1.7.30.jar:/Users/manish/repos/ms/kafka/kafka-server/bin/../libs/snappy-java-1.1.8.1.jar:/Users/manish/repos/ms/kafka/kafka-server/bin/../libs/trogdor-3.0.0.jar:/Users/manish/repos/ms/kafka/kafka-server/bin/../libs/zookeeper-3.6.3.jar:/Users/manish/repos/ms/kafka/kafka-server/bin/../libs/zookeeper-jute-3.6.3.jar:/Users/manish/repos/ms/kafka/kafka-server/bin/../libs/zstd-jni-1.5.0-2.jar (org.apache.zookeeper.ZooKeeper)
[2021-09-29 11:22:30,283] INFO Client environment:java.library.path=/Users/manish/Library/Java/Extensions:/Library/Java/Extensions:/Network/Library/Java/Extensions:/System/Library/Java/Extensions:/usr/lib/java:. (org.apache.zookeeper.ZooKeeper)
[2021-09-29 11:22:30,283] INFO Client environment:java.io.tmpdir=/var/folders/hy/c249c7bd0nl14h_0gl3wg_sr0000gn/T/ (org.apache.zookeeper.ZooKeeper)
[2021-09-29 11:22:30,283] INFO Client environment:java.compiler=<NA> (org.apache.zookeeper.ZooKeeper)
[2021-09-29 11:22:30,283] INFO Client environment:os.name=Mac OS X (org.apache.zookeeper.ZooKeeper)
[2021-09-29 11:22:30,283] INFO Client environment:os.arch=x86_64 (org.apache.zookeeper.ZooKeeper)
[2021-09-29 11:22:30,283] INFO Client environment:os.version=10.16 (org.apache.zookeeper.ZooKeeper)
[2021-09-29 11:22:30,283] INFO Client environment:user.name=manish (org.apache.zookeeper.ZooKeeper)
[2021-09-29 11:22:30,283] INFO Client environment:user.home=/Users/manish (org.apache.zookeeper.ZooKeeper)
[2021-09-29 11:22:30,283] INFO Client environment:user.dir=/Users/manish/repos/ms/kafka/kafka-server (org.apache.zookeeper.ZooKeeper)
[2021-09-29 11:22:30,283] INFO Client environment:os.memory.free=1010MB (org.apache.zookeeper.ZooKeeper)
[2021-09-29 11:22:30,283] INFO Client environment:os.memory.max=1024MB (org.apache.zookeeper.ZooKeeper)
[2021-09-29 11:22:30,284] INFO Client environment:os.memory.total=1024MB (org.apache.zookeeper.ZooKeeper)
[2021-09-29 11:22:30,291] INFO Initiating client connection, connectString=localhost:2181 sessionTimeout=18000 watcher=kafka.zookeeper.ZooKeeperClient$ZooKeeperClientWatcher$@301ec38b (org.apache.zookeeper.ZooKeeper)
[2021-09-29 11:22:30,310] INFO jute.maxbuffer value is 4194304 Bytes (org.apache.zookeeper.ClientCnxnSocket)
[2021-09-29 11:22:30,329] INFO zookeeper.request.timeout value is 0. feature enabled=false (org.apache.zookeeper.ClientCnxn)
[2021-09-29 11:22:30,333] INFO [ZooKeeperClient Kafka server] Waiting until connected. (kafka.zookeeper.ZooKeeperClient)
[2021-09-29 11:22:30,347] INFO Opening socket connection to server localhost/127.0.0.1:2181. (org.apache.zookeeper.ClientCnxn)
[2021-09-29 11:22:30,348] INFO SASL config status: Will not attempt to authenticate using SASL (unknown error) (org.apache.zookeeper.ClientCnxn)
[2021-09-29 11:22:30,366] INFO Socket connection established, initiating session, client: /127.0.0.1:50440, server: localhost/127.0.0.1:2181 (org.apache.zookeeper.ClientCnxn)
[2021-09-29 11:22:30,399] INFO Session establishment complete on server localhost/127.0.0.1:2181, session id = 0x1000004f8bc0008, negotiated timeout = 18000 (org.apache.zookeeper.ClientCnxn)
[2021-09-29 11:22:30,407] INFO [ZooKeeperClient Kafka server] Connected. (kafka.zookeeper.ZooKeeperClient)
[2021-09-29 11:22:30,807] INFO [feature-zk-node-event-process-thread]: Starting (kafka.server.FinalizedFeatureChangeListener$ChangeNotificationProcessorThread)
[2021-09-29 11:22:31,407] INFO Updated cache from existing <empty> to latest FinalizedFeaturesAndEpoch(features=Features{}, epoch=0). (kafka.server.FinalizedFeatureCache)
[2021-09-29 11:22:31,417] INFO Cluster ID = tJp8SpOaQt6_GLkEUvMNvA (kafka.server.KafkaServer)
[2021-09-29 11:22:31,528] INFO KafkaConfig values: 
	advertised.listeners = null
	alter.config.policy.class.name = null
	alter.log.dirs.replication.quota.window.num = 11
	alter.log.dirs.replication.quota.window.size.seconds = 1
	authorizer.class.name = 
	auto.create.topics.enable = true
	auto.leader.rebalance.enable = true
	background.threads = 10
	broker.heartbeat.interval.ms = 2000
	broker.id = 0
	broker.id.generation.enable = true
	broker.rack = null
	broker.session.timeout.ms = 9000
	client.quota.callback.class = null
	compression.type = producer
	connection.failed.authentication.delay.ms = 100
	connections.max.idle.ms = 600000
	connections.max.reauth.ms = 0
	control.plane.listener.name = null
	controlled.shutdown.enable = true
	controlled.shutdown.max.retries = 3
	controlled.shutdown.retry.backoff.ms = 5000
	controller.listener.names = null
	controller.quorum.append.linger.ms = 25
	controller.quorum.election.backoff.max.ms = 1000
	controller.quorum.election.timeout.ms = 1000
	controller.quorum.fetch.timeout.ms = 2000
	controller.quorum.request.timeout.ms = 2000
	controller.quorum.retry.backoff.ms = 20
	controller.quorum.voters = []
	controller.quota.window.num = 11
	controller.quota.window.size.seconds = 1
	controller.socket.timeout.ms = 30000
	create.topic.policy.class.name = null
	default.replication.factor = 1
	delegation.token.expiry.check.interval.ms = 3600000
	delegation.token.expiry.time.ms = 86400000
	delegation.token.master.key = null
	delegation.token.max.lifetime.ms = 604800000
	delegation.token.secret.key = null
	delete.records.purgatory.purge.interval.requests = 1
	delete.topic.enable = true
	fetch.max.bytes = 57671680
	fetch.purgatory.purge.interval.requests = 1000
	group.initial.rebalance.delay.ms = 0
	group.max.session.timeout.ms = 1800000
	group.max.size = 2147483647
	group.min.session.timeout.ms = 6000
	initial.broker.registration.timeout.ms = 60000
	inter.broker.listener.name = null
	inter.broker.protocol.version = 3.0-IV1
	kafka.metrics.polling.interval.secs = 10
	kafka.metrics.reporters = []
	leader.imbalance.check.interval.seconds = 300
	leader.imbalance.per.broker.percentage = 10
	listener.security.protocol.map = PLAINTEXT:PLAINTEXT,SSL:SSL,SASL_PLAINTEXT:SASL_PLAINTEXT,SASL_SSL:SASL_SSL
	listeners = PLAINTEXT://:9092
	log.cleaner.backoff.ms = 15000
	log.cleaner.dedupe.buffer.size = 134217728
	log.cleaner.delete.retention.ms = 86400000
	log.cleaner.enable = true
	log.cleaner.io.buffer.load.factor = 0.9
	log.cleaner.io.buffer.size = 524288
	log.cleaner.io.max.bytes.per.second = 1.7976931348623157E308
	log.cleaner.max.compaction.lag.ms = 9223372036854775807
	log.cleaner.min.cleanable.ratio = 0.5
	log.cleaner.min.compaction.lag.ms = 0
	log.cleaner.threads = 1
	log.cleanup.policy = [delete]
	log.dir = /tmp/kafka-logs
	log.dirs = /tmp/kafka-logs
	log.flush.interval.messages = 9223372036854775807
	log.flush.interval.ms = null
	log.flush.offset.checkpoint.interval.ms = 60000
	log.flush.scheduler.interval.ms = 9223372036854775807
	log.flush.start.offset.checkpoint.interval.ms = 60000
	log.index.interval.bytes = 4096
	log.index.size.max.bytes = 10485760
	log.message.downconversion.enable = true
	log.message.format.version = 3.0-IV1
	log.message.timestamp.difference.max.ms = 9223372036854775807
	log.message.timestamp.type = CreateTime
	log.preallocate = false
	log.retention.bytes = -1
	log.retention.check.interval.ms = 300000
	log.retention.hours = 168
	log.retention.minutes = null
	log.retention.ms = null
	log.roll.hours = 168
	log.roll.jitter.hours = 0
	log.roll.jitter.ms = null
	log.roll.ms = null
	log.segment.bytes = 1073741824
	log.segment.delete.delay.ms = 60000
	max.connection.creation.rate = 2147483647
	max.connections = 2147483647
	max.connections.per.ip = 2147483647
	max.connections.per.ip.overrides = 
	max.incremental.fetch.session.cache.slots = 1000
	message.max.bytes = 1048588
	metadata.log.dir = null
	metadata.log.max.record.bytes.between.snapshots = 20971520
	metadata.log.segment.bytes = 1073741824
	metadata.log.segment.min.bytes = 8388608
	metadata.log.segment.ms = 604800000
	metadata.max.retention.bytes = -1
	metadata.max.retention.ms = 604800000
	metric.reporters = []
	metrics.num.samples = 2
	metrics.recording.level = INFO
	metrics.sample.window.ms = 30000
	min.insync.replicas = 1
	node.id = -1
	num.io.threads = 8
	num.network.threads = 3
	num.partitions = 1
	num.recovery.threads.per.data.dir = 1
	num.replica.alter.log.dirs.threads = null
	num.replica.fetchers = 1
	offset.metadata.max.bytes = 4096
	offsets.commit.required.acks = -1
	offsets.commit.timeout.ms = 5000
	offsets.load.buffer.size = 5242880
	offsets.retention.check.interval.ms = 600000
	offsets.retention.minutes = 10080
	offsets.topic.compression.codec = 0
	offsets.topic.num.partitions = 50
	offsets.topic.replication.factor = 1
	offsets.topic.segment.bytes = 104857600
	password.encoder.cipher.algorithm = AES/CBC/PKCS5Padding
	password.encoder.iterations = 4096
	password.encoder.key.length = 128
	password.encoder.keyfactory.algorithm = null
	password.encoder.old.secret = null
	password.encoder.secret = null
	principal.builder.class = class org.apache.kafka.common.security.authenticator.DefaultKafkaPrincipalBuilder
	process.roles = []
	producer.purgatory.purge.interval.requests = 1000
	queued.max.request.bytes = -1
	queued.max.requests = 500
	quota.window.num = 11
	quota.window.size.seconds = 1
	remote.log.index.file.cache.total.size.bytes = 1073741824
	remote.log.manager.task.interval.ms = 30000
	remote.log.manager.task.retry.backoff.max.ms = 30000
	remote.log.manager.task.retry.backoff.ms = 500
	remote.log.manager.task.retry.jitter = 0.2
	remote.log.manager.thread.pool.size = 10
	remote.log.metadata.manager.class.name = null
	remote.log.metadata.manager.class.path = null
	remote.log.metadata.manager.impl.prefix = null
	remote.log.metadata.manager.listener.name = null
	remote.log.reader.max.pending.tasks = 100
	remote.log.reader.threads = 10
	remote.log.storage.manager.class.name = null
	remote.log.storage.manager.class.path = null
	remote.log.storage.manager.impl.prefix = null
	remote.log.storage.system.enable = false
	replica.fetch.backoff.ms = 1000
	replica.fetch.max.bytes = 1048576
	replica.fetch.min.bytes = 1
	replica.fetch.response.max.bytes = 10485760
	replica.fetch.wait.max.ms = 500
	replica.high.watermark.checkpoint.interval.ms = 5000
	replica.lag.time.max.ms = 30000
	replica.selector.class = null
	replica.socket.receive.buffer.bytes = 65536
	replica.socket.timeout.ms = 30000
	replication.quota.window.num = 11
	replication.quota.window.size.seconds = 1
	request.timeout.ms = 30000
	reserved.broker.max.id = 1000
	sasl.client.callback.handler.class = null
	sasl.enabled.mechanisms = [GSSAPI]
	sasl.jaas.config = null
	sasl.kerberos.kinit.cmd = /usr/bin/kinit
	sasl.kerberos.min.time.before.relogin = 60000
	sasl.kerberos.principal.to.local.rules = [DEFAULT]
	sasl.kerberos.service.name = null
	sasl.kerberos.ticket.renew.jitter = 0.05
	sasl.kerberos.ticket.renew.window.factor = 0.8
	sasl.login.callback.handler.class = null
	sasl.login.class = null
	sasl.login.refresh.buffer.seconds = 300
	sasl.login.refresh.min.period.seconds = 60
	sasl.login.refresh.window.factor = 0.8
	sasl.login.refresh.window.jitter = 0.05
	sasl.mechanism.controller.protocol = GSSAPI
	sasl.mechanism.inter.broker.protocol = GSSAPI
	sasl.server.callback.handler.class = null
	security.inter.broker.protocol = PLAINTEXT
	security.providers = null
	socket.connection.setup.timeout.max.ms = 30000
	socket.connection.setup.timeout.ms = 10000
	socket.receive.buffer.bytes = 102400
	socket.request.max.bytes = 104857600
	socket.send.buffer.bytes = 102400
	ssl.cipher.suites = []
	ssl.client.auth = none
	ssl.enabled.protocols = [TLSv1.2, TLSv1.3]
	ssl.endpoint.identification.algorithm = https
	ssl.engine.factory.class = null
	ssl.key.password = null
	ssl.keymanager.algorithm = SunX509
	ssl.keystore.certificate.chain = null
	ssl.keystore.key = null
	ssl.keystore.location = null
	ssl.keystore.password = null
	ssl.keystore.type = JKS
	ssl.principal.mapping.rules = DEFAULT
	ssl.protocol = TLSv1.3
	ssl.provider = null
	ssl.secure.random.implementation = null
	ssl.trustmanager.algorithm = PKIX
	ssl.truststore.certificates = null
	ssl.truststore.location = null
	ssl.truststore.password = null
	ssl.truststore.type = JKS
	transaction.abort.timed.out.transaction.cleanup.interval.ms = 10000
	transaction.max.timeout.ms = 900000
	transaction.remove.expired.transaction.cleanup.interval.ms = 3600000
	transaction.state.log.load.buffer.size = 5242880
	transaction.state.log.min.isr = 1
	transaction.state.log.num.partitions = 50
	transaction.state.log.replication.factor = 1
	transaction.state.log.segment.bytes = 104857600
	transactional.id.expiration.ms = 604800000
	unclean.leader.election.enable = false
	zookeeper.clientCnxnSocket = null
	zookeeper.connect = localhost:2181
	zookeeper.connection.timeout.ms = 18000
	zookeeper.max.in.flight.requests = 10
	zookeeper.session.timeout.ms = 18000
	zookeeper.set.acl = false
	zookeeper.ssl.cipher.suites = null
	zookeeper.ssl.client.enable = false
	zookeeper.ssl.crl.enable = false
	zookeeper.ssl.enabled.protocols = null
	zookeeper.ssl.endpoint.identification.algorithm = HTTPS
	zookeeper.ssl.keystore.location = null
	zookeeper.ssl.keystore.password = null
	zookeeper.ssl.keystore.type = null
	zookeeper.ssl.ocsp.enable = false
	zookeeper.ssl.protocol = TLSv1.2
	zookeeper.ssl.truststore.location = null
	zookeeper.ssl.truststore.password = null
	zookeeper.ssl.truststore.type = null
	zookeeper.sync.time.ms = 2000
 (kafka.server.KafkaConfig)
[2021-09-29 11:22:31,546] INFO KafkaConfig values: 
	advertised.listeners = null
	alter.config.policy.class.name = null
	alter.log.dirs.replication.quota.window.num = 11
	alter.log.dirs.replication.quota.window.size.seconds = 1
	authorizer.class.name = 
	auto.create.topics.enable = true
	auto.leader.rebalance.enable = true
	background.threads = 10
	broker.heartbeat.interval.ms = 2000
	broker.id = 0
	broker.id.generation.enable = true
	broker.rack = null
	broker.session.timeout.ms = 9000
	client.quota.callback.class = null
	compression.type = producer
	connection.failed.authentication.delay.ms = 100
	connections.max.idle.ms = 600000
	connections.max.reauth.ms = 0
	control.plane.listener.name = null
	controlled.shutdown.enable = true
	controlled.shutdown.max.retries = 3
	controlled.shutdown.retry.backoff.ms = 5000
	controller.listener.names = null
	controller.quorum.append.linger.ms = 25
	controller.quorum.election.backoff.max.ms = 1000
	controller.quorum.election.timeout.ms = 1000
	controller.quorum.fetch.timeout.ms = 2000
	controller.quorum.request.timeout.ms = 2000
	controller.quorum.retry.backoff.ms = 20
	controller.quorum.voters = []
	controller.quota.window.num = 11
	controller.quota.window.size.seconds = 1
	controller.socket.timeout.ms = 30000
	create.topic.policy.class.name = null
	default.replication.factor = 1
	delegation.token.expiry.check.interval.ms = 3600000
	delegation.token.expiry.time.ms = 86400000
	delegation.token.master.key = null
	delegation.token.max.lifetime.ms = 604800000
	delegation.token.secret.key = null
	delete.records.purgatory.purge.interval.requests = 1
	delete.topic.enable = true
	fetch.max.bytes = 57671680
	fetch.purgatory.purge.interval.requests = 1000
	group.initial.rebalance.delay.ms = 0
	group.max.session.timeout.ms = 1800000
	group.max.size = 2147483647
	group.min.session.timeout.ms = 6000
	initial.broker.registration.timeout.ms = 60000
	inter.broker.listener.name = null
	inter.broker.protocol.version = 3.0-IV1
	kafka.metrics.polling.interval.secs = 10
	kafka.metrics.reporters = []
	leader.imbalance.check.interval.seconds = 300
	leader.imbalance.per.broker.percentage = 10
	listener.security.protocol.map = PLAINTEXT:PLAINTEXT,SSL:SSL,SASL_PLAINTEXT:SASL_PLAINTEXT,SASL_SSL:SASL_SSL
	listeners = PLAINTEXT://:9092
	log.cleaner.backoff.ms = 15000
	log.cleaner.dedupe.buffer.size = 134217728
	log.cleaner.delete.retention.ms = 86400000
	log.cleaner.enable = true
	log.cleaner.io.buffer.load.factor = 0.9
	log.cleaner.io.buffer.size = 524288
	log.cleaner.io.max.bytes.per.second = 1.7976931348623157E308
	log.cleaner.max.compaction.lag.ms = 9223372036854775807
	log.cleaner.min.cleanable.ratio = 0.5
	log.cleaner.min.compaction.lag.ms = 0
	log.cleaner.threads = 1
	log.cleanup.policy = [delete]
	log.dir = /tmp/kafka-logs
	log.dirs = /tmp/kafka-logs
	log.flush.interval.messages = 9223372036854775807
	log.flush.interval.ms = null
	log.flush.offset.checkpoint.interval.ms = 60000
	log.flush.scheduler.interval.ms = 9223372036854775807
	log.flush.start.offset.checkpoint.interval.ms = 60000
	log.index.interval.bytes = 4096
	log.index.size.max.bytes = 10485760
	log.message.downconversion.enable = true
	log.message.format.version = 3.0-IV1
	log.message.timestamp.difference.max.ms = 9223372036854775807
	log.message.timestamp.type = CreateTime
	log.preallocate = false
	log.retention.bytes = -1
	log.retention.check.interval.ms = 300000
	log.retention.hours = 168
	log.retention.minutes = null
	log.retention.ms = null
	log.roll.hours = 168
	log.roll.jitter.hours = 0
	log.roll.jitter.ms = null
	log.roll.ms = null
	log.segment.bytes = 1073741824
	log.segment.delete.delay.ms = 60000
	max.connection.creation.rate = 2147483647
	max.connections = 2147483647
	max.connections.per.ip = 2147483647
	max.connections.per.ip.overrides = 
	max.incremental.fetch.session.cache.slots = 1000
	message.max.bytes = 1048588
	metadata.log.dir = null
	metadata.log.max.record.bytes.between.snapshots = 20971520
	metadata.log.segment.bytes = 1073741824
	metadata.log.segment.min.bytes = 8388608
	metadata.log.segment.ms = 604800000
	metadata.max.retention.bytes = -1
	metadata.max.retention.ms = 604800000
	metric.reporters = []
	metrics.num.samples = 2
	metrics.recording.level = INFO
	metrics.sample.window.ms = 30000
	min.insync.replicas = 1
	node.id = -1
	num.io.threads = 8
	num.network.threads = 3
	num.partitions = 1
	num.recovery.threads.per.data.dir = 1
	num.replica.alter.log.dirs.threads = null
	num.replica.fetchers = 1
	offset.metadata.max.bytes = 4096
	offsets.commit.required.acks = -1
	offsets.commit.timeout.ms = 5000
	offsets.load.buffer.size = 5242880
	offsets.retention.check.interval.ms = 600000
	offsets.retention.minutes = 10080
	offsets.topic.compression.codec = 0
	offsets.topic.num.partitions = 50
	offsets.topic.replication.factor = 1
	offsets.topic.segment.bytes = 104857600
	password.encoder.cipher.algorithm = AES/CBC/PKCS5Padding
	password.encoder.iterations = 4096
	password.encoder.key.length = 128
	password.encoder.keyfactory.algorithm = null
	password.encoder.old.secret = null
	password.encoder.secret = null
	principal.builder.class = class org.apache.kafka.common.security.authenticator.DefaultKafkaPrincipalBuilder
	process.roles = []
	producer.purgatory.purge.interval.requests = 1000
	queued.max.request.bytes = -1
	queued.max.requests = 500
	quota.window.num = 11
	quota.window.size.seconds = 1
	remote.log.index.file.cache.total.size.bytes = 1073741824
	remote.log.manager.task.interval.ms = 30000
	remote.log.manager.task.retry.backoff.max.ms = 30000
	remote.log.manager.task.retry.backoff.ms = 500
	remote.log.manager.task.retry.jitter = 0.2
	remote.log.manager.thread.pool.size = 10
	remote.log.metadata.manager.class.name = null
	remote.log.metadata.manager.class.path = null
	remote.log.metadata.manager.impl.prefix = null
	remote.log.metadata.manager.listener.name = null
	remote.log.reader.max.pending.tasks = 100
	remote.log.reader.threads = 10
	remote.log.storage.manager.class.name = null
	remote.log.storage.manager.class.path = null
	remote.log.storage.manager.impl.prefix = null
	remote.log.storage.system.enable = false
	replica.fetch.backoff.ms = 1000
	replica.fetch.max.bytes = 1048576
	replica.fetch.min.bytes = 1
	replica.fetch.response.max.bytes = 10485760
	replica.fetch.wait.max.ms = 500
	replica.high.watermark.checkpoint.interval.ms = 5000
	replica.lag.time.max.ms = 30000
	replica.selector.class = null
	replica.socket.receive.buffer.bytes = 65536
	replica.socket.timeout.ms = 30000
	replication.quota.window.num = 11
	replication.quota.window.size.seconds = 1
	request.timeout.ms = 30000
	reserved.broker.max.id = 1000
	sasl.client.callback.handler.class = null
	sasl.enabled.mechanisms = [GSSAPI]
	sasl.jaas.config = null
	sasl.kerberos.kinit.cmd = /usr/bin/kinit
	sasl.kerberos.min.time.before.relogin = 60000
	sasl.kerberos.principal.to.local.rules = [DEFAULT]
	sasl.kerberos.service.name = null
	sasl.kerberos.ticket.renew.jitter = 0.05
	sasl.kerberos.ticket.renew.window.factor = 0.8
	sasl.login.callback.handler.class = null
	sasl.login.class = null
	sasl.login.refresh.buffer.seconds = 300
	sasl.login.refresh.min.period.seconds = 60
	sasl.login.refresh.window.factor = 0.8
	sasl.login.refresh.window.jitter = 0.05
	sasl.mechanism.controller.protocol = GSSAPI
	sasl.mechanism.inter.broker.protocol = GSSAPI
	sasl.server.callback.handler.class = null
	security.inter.broker.protocol = PLAINTEXT
	security.providers = null
	socket.connection.setup.timeout.max.ms = 30000
	socket.connection.setup.timeout.ms = 10000
	socket.receive.buffer.bytes = 102400
	socket.request.max.bytes = 104857600
	socket.send.buffer.bytes = 102400
	ssl.cipher.suites = []
	ssl.client.auth = none
	ssl.enabled.protocols = [TLSv1.2, TLSv1.3]
	ssl.endpoint.identification.algorithm = https
	ssl.engine.factory.class = null
	ssl.key.password = null
	ssl.keymanager.algorithm = SunX509
	ssl.keystore.certificate.chain = null
	ssl.keystore.key = null
	ssl.keystore.location = null
	ssl.keystore.password = null
	ssl.keystore.type = JKS
	ssl.principal.mapping.rules = DEFAULT
	ssl.protocol = TLSv1.3
	ssl.provider = null
	ssl.secure.random.implementation = null
	ssl.trustmanager.algorithm = PKIX
	ssl.truststore.certificates = null
	ssl.truststore.location = null
	ssl.truststore.password = null
	ssl.truststore.type = JKS
	transaction.abort.timed.out.transaction.cleanup.interval.ms = 10000
	transaction.max.timeout.ms = 900000
	transaction.remove.expired.transaction.cleanup.interval.ms = 3600000
	transaction.state.log.load.buffer.size = 5242880
	transaction.state.log.min.isr = 1
	transaction.state.log.num.partitions = 50
	transaction.state.log.replication.factor = 1
	transaction.state.log.segment.bytes = 104857600
	transactional.id.expiration.ms = 604800000
	unclean.leader.election.enable = false
	zookeeper.clientCnxnSocket = null
	zookeeper.connect = localhost:2181
	zookeeper.connection.timeout.ms = 18000
	zookeeper.max.in.flight.requests = 10
	zookeeper.session.timeout.ms = 18000
	zookeeper.set.acl = false
	zookeeper.ssl.cipher.suites = null
	zookeeper.ssl.client.enable = false
	zookeeper.ssl.crl.enable = false
	zookeeper.ssl.enabled.protocols = null
	zookeeper.ssl.endpoint.identification.algorithm = HTTPS
	zookeeper.ssl.keystore.location = null
	zookeeper.ssl.keystore.password = null
	zookeeper.ssl.keystore.type = null
	zookeeper.ssl.ocsp.enable = false
	zookeeper.ssl.protocol = TLSv1.2
	zookeeper.ssl.truststore.location = null
	zookeeper.ssl.truststore.password = null
	zookeeper.ssl.truststore.type = null
	zookeeper.sync.time.ms = 2000
 (kafka.server.KafkaConfig)
[2021-09-29 11:22:31,631] INFO [ThrottledChannelReaper-Fetch]: Starting (kafka.server.ClientQuotaManager$ThrottledChannelReaper)
[2021-09-29 11:22:31,633] INFO [ThrottledChannelReaper-Produce]: Starting (kafka.server.ClientQuotaManager$ThrottledChannelReaper)
[2021-09-29 11:22:31,637] INFO [ThrottledChannelReaper-Request]: Starting (kafka.server.ClientQuotaManager$ThrottledChannelReaper)
[2021-09-29 11:22:31,641] INFO [ThrottledChannelReaper-ControllerMutation]: Starting (kafka.server.ClientQuotaManager$ThrottledChannelReaper)
[2021-09-29 11:22:31,704] ERROR [KafkaServer id=0] Fatal error during KafkaServer startup. Prepare to shutdown (kafka.server.KafkaServer)
org.apache.kafka.common.KafkaException: Failed to acquire lock on file .lock in /tmp/kafka-logs. A Kafka instance in another process or thread is using this directory.
	at kafka.log.LogManager.$anonfun$lockLogDirs$1(LogManager.scala:241)
	at scala.collection.StrictOptimizedIterableOps.flatMap(StrictOptimizedIterableOps.scala:117)
	at scala.collection.StrictOptimizedIterableOps.flatMap$(StrictOptimizedIterableOps.scala:104)
	at scala.collection.mutable.ArraySeq.flatMap(ArraySeq.scala:37)
	at kafka.log.LogManager.lockLogDirs(LogManager.scala:236)
	at kafka.log.LogManager.<init>(LogManager.scala:112)
	at kafka.log.LogManager$.apply(LogManager.scala:1283)
	at kafka.server.KafkaServer.startup(KafkaServer.scala:254)
	at kafka.Kafka$.main(Kafka.scala:109)
	at kafka.Kafka.main(Kafka.scala)
[2021-09-29 11:22:31,708] INFO [KafkaServer id=0] shutting down (kafka.server.KafkaServer)
[2021-09-29 11:22:31,713] INFO [feature-zk-node-event-process-thread]: Shutting down (kafka.server.FinalizedFeatureChangeListener$ChangeNotificationProcessorThread)
[2021-09-29 11:22:31,714] INFO [feature-zk-node-event-process-thread]: Shutdown completed (kafka.server.FinalizedFeatureChangeListener$ChangeNotificationProcessorThread)
[2021-09-29 11:22:31,714] INFO [feature-zk-node-event-process-thread]: Stopped (kafka.server.FinalizedFeatureChangeListener$ChangeNotificationProcessorThread)
[2021-09-29 11:22:31,715] INFO [ZooKeeperClient Kafka server] Closing. (kafka.zookeeper.ZooKeeperClient)
[2021-09-29 11:22:31,841] INFO Session: 0x1000004f8bc0008 closed (org.apache.zookeeper.ZooKeeper)
[2021-09-29 11:22:31,841] INFO EventThread shut down for session: 0x1000004f8bc0008 (org.apache.zookeeper.ClientCnxn)
[2021-09-29 11:22:31,845] INFO [ZooKeeperClient Kafka server] Closed. (kafka.zookeeper.ZooKeeperClient)
[2021-09-29 11:22:31,845] INFO [ThrottledChannelReaper-Fetch]: Shutting down (kafka.server.ClientQuotaManager$ThrottledChannelReaper)
[2021-09-29 11:22:32,635] INFO [ThrottledChannelReaper-Fetch]: Stopped (kafka.server.ClientQuotaManager$ThrottledChannelReaper)
[2021-09-29 11:22:32,636] INFO [ThrottledChannelReaper-Fetch]: Shutdown completed (kafka.server.ClientQuotaManager$ThrottledChannelReaper)
[2021-09-29 11:22:32,638] INFO [ThrottledChannelReaper-Produce]: Shutting down (kafka.server.ClientQuotaManager$ThrottledChannelReaper)
[2021-09-29 11:22:33,636] INFO [ThrottledChannelReaper-Produce]: Stopped (kafka.server.ClientQuotaManager$ThrottledChannelReaper)
[2021-09-29 11:22:33,637] INFO [ThrottledChannelReaper-Produce]: Shutdown completed (kafka.server.ClientQuotaManager$ThrottledChannelReaper)
[2021-09-29 11:22:33,637] INFO [ThrottledChannelReaper-Request]: Shutting down (kafka.server.ClientQuotaManager$ThrottledChannelReaper)
[2021-09-29 11:22:33,643] INFO [ThrottledChannelReaper-Request]: Stopped (kafka.server.ClientQuotaManager$ThrottledChannelReaper)
[2021-09-29 11:22:33,644] INFO [ThrottledChannelReaper-Request]: Shutdown completed (kafka.server.ClientQuotaManager$ThrottledChannelReaper)
[2021-09-29 11:22:33,644] INFO [ThrottledChannelReaper-ControllerMutation]: Shutting down (kafka.server.ClientQuotaManager$ThrottledChannelReaper)
[2021-09-29 11:22:34,645] INFO [ThrottledChannelReaper-ControllerMutation]: Shutdown completed (kafka.server.ClientQuotaManager$ThrottledChannelReaper)
[2021-09-29 11:22:34,645] INFO [ThrottledChannelReaper-ControllerMutation]: Stopped (kafka.server.ClientQuotaManager$ThrottledChannelReaper)
[2021-09-29 11:22:34,648] INFO Metrics scheduler closed (org.apache.kafka.common.metrics.Metrics)
[2021-09-29 11:22:34,649] INFO Closing reporter org.apache.kafka.common.metrics.JmxReporter (org.apache.kafka.common.metrics.Metrics)
[2021-09-29 11:22:34,649] INFO Metrics reporters closed (org.apache.kafka.common.metrics.Metrics)
[2021-09-29 11:22:34,657] INFO Broker and topic stats closed (kafka.server.BrokerTopicStats)
[2021-09-29 11:22:34,672] INFO App info kafka.server for 0 unregistered (org.apache.kafka.common.utils.AppInfoParser)
[2021-09-29 11:22:34,673] INFO [KafkaServer id=0] shut down completed (kafka.server.KafkaServer)
[2021-09-29 11:22:34,673] ERROR Exiting Kafka. (kafka.Kafka$)
[2021-09-29 11:22:34,675] INFO [KafkaServer id=0] shutting down (kafka.server.KafkaServer)
